<?xml version="1.0" encoding="UTF-8"?>
<!-- Generated by org.testng.reporters.JUnitReportReporter -->
<testsuite skipped="0" hostname="Jyothsna" name="Maven.MavenGmail.Testcases" tests="1" failures="0" timestamp="12 Nov 2019 06:56:18 GMT" time="17.634" errors="0">
  <testcase name="registration" time="17.634" classname="Maven.MavenGmail.Testcases"/>
</testsuite> <!-- Maven.MavenGmail.Testcases -->
